mode: set
/home/.fajarr-/DataJar/MyProjects/submission_arithmetic_calculator/arithmetics_calculator.go:10.28,13.2 1 0
/home/.fajarr-/DataJar/MyProjects/submission_arithmetic_calculator/arithmetics_calculator.go:16.24,18.12 1 1
/home/.fajarr-/DataJar/MyProjects/submission_arithmetic_calculator/arithmetics_calculator.go:18.12,20.3 1 1
/home/.fajarr-/DataJar/MyProjects/submission_arithmetic_calculator/arithmetics_calculator.go:21.2,21.10 1 1
/home/.fajarr-/DataJar/MyProjects/submission_arithmetic_calculator/arithmetics_calculator.go:25.30,29.2 2 1
/home/.fajarr-/DataJar/MyProjects/submission_arithmetic_calculator/arithmetics_calculator.go:31.64,35.28 2 1
/home/.fajarr-/DataJar/MyProjects/submission_arithmetic_calculator/arithmetics_calculator.go:35.28,37.3 1 1
/home/.fajarr-/DataJar/MyProjects/submission_arithmetic_calculator/arithmetics_calculator.go:40.2,42.24 2 1
/home/.fajarr-/DataJar/MyProjects/submission_arithmetic_calculator/arithmetics_calculator.go:42.24,45.4 2 1
/home/.fajarr-/DataJar/MyProjects/submission_arithmetic_calculator/arithmetics_calculator.go:48.2,49.35 2 1
/home/.fajarr-/DataJar/MyProjects/submission_arithmetic_calculator/arithmetics_calculator.go:49.35,52.3 2 1
/home/.fajarr-/DataJar/MyProjects/submission_arithmetic_calculator/arithmetics_calculator.go:53.2,54.32 2 1
/home/.fajarr-/DataJar/MyProjects/submission_arithmetic_calculator/arithmetics_calculator.go:54.32,56.3 1 1
/home/.fajarr-/DataJar/MyProjects/submission_arithmetic_calculator/arithmetics_calculator.go:58.2,58.84 1 1
/home/.fajarr-/DataJar/MyProjects/submission_arithmetic_calculator/arithmetics_calculator.go:58.84,61.3 2 1
/home/.fajarr-/DataJar/MyProjects/submission_arithmetic_calculator/arithmetics_calculator.go:64.2,65.35 2 1
/home/.fajarr-/DataJar/MyProjects/submission_arithmetic_calculator/arithmetics_calculator.go:65.35,68.3 2 1
/home/.fajarr-/DataJar/MyProjects/submission_arithmetic_calculator/arithmetics_calculator.go:69.2,69.33 1 1
/home/.fajarr-/DataJar/MyProjects/submission_arithmetic_calculator/arithmetics_calculator.go:69.33,71.49 1 1
/home/.fajarr-/DataJar/MyProjects/submission_arithmetic_calculator/arithmetics_calculator.go:71.49,74.4 2 1
/home/.fajarr-/DataJar/MyProjects/submission_arithmetic_calculator/arithmetics_calculator.go:76.3,76.22 1 1
/home/.fajarr-/DataJar/MyProjects/submission_arithmetic_calculator/arithmetics_calculator.go:76.22,79.4 2 1
/home/.fajarr-/DataJar/MyProjects/submission_arithmetic_calculator/arithmetics_calculator.go:83.2,87.39 5 1
/home/.fajarr-/DataJar/MyProjects/submission_arithmetic_calculator/arithmetics_calculator.go:87.39,92.29 5 1
/home/.fajarr-/DataJar/MyProjects/submission_arithmetic_calculator/arithmetics_calculator.go:92.29,94.4 1 1
/home/.fajarr-/DataJar/MyProjects/submission_arithmetic_calculator/arithmetics_calculator.go:94.9,96.4 1 1
/home/.fajarr-/DataJar/MyProjects/submission_arithmetic_calculator/arithmetics_calculator.go:97.3,99.26 3 1
/home/.fajarr-/DataJar/MyProjects/submission_arithmetic_calculator/arithmetics_calculator.go:99.26,103.4 3 1
/home/.fajarr-/DataJar/MyProjects/submission_arithmetic_calculator/arithmetics_calculator.go:106.2,107.39 2 1
/home/.fajarr-/DataJar/MyProjects/submission_arithmetic_calculator/arithmetics_calculator.go:107.39,110.26 3 1
/home/.fajarr-/DataJar/MyProjects/submission_arithmetic_calculator/arithmetics_calculator.go:110.26,112.4 1 1
/home/.fajarr-/DataJar/MyProjects/submission_arithmetic_calculator/arithmetics_calculator.go:115.2,115.19 1 1
/home/.fajarr-/DataJar/MyProjects/submission_arithmetic_calculator/arithmetics_calculator.go:115.19,117.3 1 1
/home/.fajarr-/DataJar/MyProjects/submission_arithmetic_calculator/arithmetics_calculator.go:117.8,119.3 1 1
/home/.fajarr-/DataJar/MyProjects/submission_arithmetic_calculator/arithmetics_calculator.go:120.2,120.25 1 1
