mode: set
github.com/adalgisoabercio19/submission_student_routes/main.go:23.13,34.2 7 1
github.com/adalgisoabercio19/submission_student_routes/main.go:37.40,40.2 1 1
github.com/adalgisoabercio19/submission_student_routes/main.go:43.39,46.38 2 1
github.com/adalgisoabercio19/submission_student_routes/main.go:46.38,47.29 1 1
github.com/adalgisoabercio19/submission_student_routes/main.go:47.29,51.4 3 1
github.com/adalgisoabercio19/submission_student_routes/main.go:53.2,53.57 1 0
github.com/adalgisoabercio19/submission_student_routes/main.go:57.42,60.39 2 1
github.com/adalgisoabercio19/submission_student_routes/main.go:60.39,62.3 1 0
github.com/adalgisoabercio19/submission_student_routes/main.go:64.2,66.44 3 1
github.com/adalgisoabercio19/submission_student_routes/main.go:70.42,73.26 2 1
github.com/adalgisoabercio19/submission_student_routes/main.go:73.26,74.27 1 1
github.com/adalgisoabercio19/submission_student_routes/main.go:74.27,76.48 2 0
github.com/adalgisoabercio19/submission_student_routes/main.go:76.48,78.5 1 0
github.com/adalgisoabercio19/submission_student_routes/main.go:79.4,81.44 3 0
github.com/adalgisoabercio19/submission_student_routes/main.go:84.2,84.40 1 1
github.com/adalgisoabercio19/submission_student_routes/main.go:89.42,92.35 2 1
github.com/adalgisoabercio19/submission_student_routes/main.go:92.35,93.23 1 1
github.com/adalgisoabercio19/submission_student_routes/main.go:93.23,95.4 1 0
github.com/adalgisoabercio19/submission_student_routes/main.go:97.2,97.42 1 1
